<?xml version="1.0" encoding="UTF-8"?>
<!-- Generated by org.testng.reporters.JUnitReportReporter -->
<testsuite hostname="DESKTOP-9DI402V" failures="0" tests="1" name="APITest.Demo_TestNG" time="0.008" errors="0" timestamp="2021-11-25T13:09:37 IST" skipped="0">
  <testcase classname="APITest.Demo_TestNG" name="testcase1" time="0.008"/>
  <system-out/>
</testsuite> <!-- APITest.Demo_TestNG -->
