<?xml version="1.0" encoding="UTF-8"?>
<!-- Generated by org.testng.reporters.JUnitReportReporter -->
<testsuite skipped="1" hostname="DESKTOP-9DI402V" name="APITest.E_Commerce" tests="4" failures="0" timestamp="2021-11-30T14:51:58 IST" time="11.667" errors="0">
  <testcase name="login" time="6.780" classname="APITest.E_Commerce"/>
  <system-out/>
  <testcase name="getusers" time="3.066" classname="APITest.E_Commerce"/>
  <system-out/>
  <testcase name="delete" time="1.821" classname="APITest.E_Commerce"/>
  <system-out/>
  <testcase name="signup" classname="APITest.E_Commerce">
    <skipped/>
  </testcase> <!-- signup -->
  <system-out/>
</testsuite> <!-- APITest.E_Commerce -->
