<?xml version="1.0" encoding="UTF-8"?>
<!-- Generated by org.testng.reporters.JUnitReportReporter -->
<testsuite skipped="0" hostname="DESKTOP-9DI402V" name="APITest.Demo" tests="3" failures="0" timestamp="2021-11-30T16:32:57 IST" time="6.238" errors="0">
  <testcase name="create_board" time="3.910" classname="APITest.Demo"/>
  <system-out/>
  <testcase name="get_board" time="1.222" classname="APITest.Demo"/>
  <system-out/>
  <testcase name="delete_board" time="1.106" classname="APITest.Demo"/>
  <system-out/>
</testsuite> <!-- APITest.Demo -->
